Build started 1/7/2015 4:37:39 PM.
     1>Project "F:\PC\Document Files\UNN\3 course\Coursework\Astrocyte_analysis\Astrocyte_analysis.vcxproj" on node 2 (Build target(s)).
     1>ClCompile:
         C:\Program Files (x86)\Microsoft Visual Studio 12.0\VC\bin\x86_amd64\CL.exe /c /I"C:\Program Files\OpenCV\build/include/" /IC:/libs/boost_1_58_0 /I"C:/Program Files/MATLAB/R2015a/extern/include" /IC:\libs\nana\include /Zi /nologo /W3 /WX- /sdl /O2 /Oi /GL /D _MBCS /Gm- /EHsc /MT /GS /Gy /fp:precise /Zc:wchar_t /Zc:forScope /Fo"x64\Release\\" /Fd"x64\Release\vc120.pdb" /Gd /TP /errorReport:prompt astrocyte.cpp clusters.cpp main.cpp morphology.cpp
         astrocyte.cpp
         clusters.cpp
         main.cpp
         morphology.cpp
       Link:
         C:\Program Files (x86)\Microsoft Visual Studio 12.0\VC\bin\x86_amd64\link.exe /ERRORREPORT:PROMPT /OUT:"F:\PC\Document Files\UNN\3 course\Coursework\Astrocyte_analysis\x64\Release\Astrocyte_analysis.exe" /NOLOGO /LIBPATH:C:/libs/boost_1_58_0/lib/x64 /LIBPATH:"C:\Program Files\OpenCV\build/x64/vc12/lib" /LIBPATH:"C:/Program Files/MATLAB/R2015a/extern/lib/win64/microsoft" /LIBPATH:C:\libs\nana\build\bin\vc2013 nana_Release_x64.lib opencv_contrib2410.lib libmx.lib libeng.lib libmex.lib libmat.lib opencv_video2410.lib opencv_core2410.lib opencv_highgui2410.lib opencv_imgproc2410.lib kernel32.lib user32.lib gdi32.lib winspool.lib comdlg32.lib advapi32.lib shell32.lib ole32.lib oleaut32.lib uuid.lib odbc32.lib odbccp32.lib /MANIFEST /MANIFESTUAC:"level='asInvoker' uiAccess='false'" /manifest:embed /DEBUG /PDB:"F:\PC\Document Files\UNN\3 course\Coursework\Astrocyte_analysis\x64\Release\Astrocyte_analysis.pdb" /OPT:REF /OPT:ICF /LTCG /TLBID:1 /DYNAMICBASE /NXCOMPAT /IMPLIB:"F:\PC\Document Files\UNN\3 course\Coursework\Astrocyte_analysis\x64\Release\Astrocyte_analysis.lib" /MACHINE:X64 x64\Release\astrocyte.obj
         x64\Release\clusters.obj
         x64\Release\auxiliaries.obj
         x64\Release\config.obj
         x64\Release\experiments.obj
         x64\Release\img_proc.obj
         x64\Release\main.obj
         x64\Release\morphology.obj
         x64\Release\saving.obj
         Generating code
         Finished generating code
         Astrocyte_analysis.vcxproj -> F:\PC\Document Files\UNN\3 course\Coursework\Astrocyte_analysis\x64\Release\Astrocyte_analysis.exe
     1>Done Building Project "F:\PC\Document Files\UNN\3 course\Coursework\Astrocyte_analysis\Astrocyte_analysis.vcxproj" (Build target(s)).

Build succeeded.

Time Elapsed 00:00:31.53
